Using pre-set license
Built from '2021.3/staging' branch; Version is '2021.3.24f1 (cf10dcf7010d) revision 13570268'; Using compiler version '192829333'; Build Type 'Release'
OS: 'Windows 11  (10.0.22621) 64bit Professional' Language: 'en' Physical Memory: 7965 MB
BatchMode: 1, IsHumanControllingUs: 0, StartBugReporterOnCrash: 0, Is64bit: 1, IsPro: 1

COMMAND LINE ARGUMENTS:
C:\Program Files\Unity\Hub\Editor\2021.3.24f1\Editor\Unity.exe
-adb2
-batchMode
-noUpm
-name
AssetImportWorker1
-projectPath
D:/Codes/Unity/SMUCT Permanent Campus 3D Model
-logFile
Logs/AssetImportWorker1.log
-srvPort
58325
Successfully changed project path to: D:/Codes/Unity/SMUCT Permanent Campus 3D Model
D:/Codes/Unity/SMUCT Permanent Campus 3D Model
[UnityMemory] Configuration Parameters - Can be set up in boot.config
    "memorysetup-bucket-allocator-granularity=16"
    "memorysetup-bucket-allocator-bucket-count=8"
    "memorysetup-bucket-allocator-block-size=33554432"
    "memorysetup-bucket-allocator-block-count=8"
    "memorysetup-main-allocator-block-size=16777216"
    "memorysetup-thread-allocator-block-size=16777216"
    "memorysetup-gfx-main-allocator-block-size=16777216"
    "memorysetup-gfx-thread-allocator-block-size=16777216"
    "memorysetup-cache-allocator-block-size=4194304"
    "memorysetup-typetree-allocator-block-size=2097152"
    "memorysetup-profiler-bucket-allocator-granularity=16"
    "memorysetup-profiler-bucket-allocator-bucket-count=8"
    "memorysetup-profiler-bucket-allocator-block-size=33554432"
    "memorysetup-profiler-bucket-allocator-block-count=8"
    "memorysetup-profiler-allocator-block-size=16777216"
    "memorysetup-profiler-editor-allocator-block-size=1048576"
    "memorysetup-temp-allocator-size-main=16777216"
    "memorysetup-job-temp-allocator-block-size=2097152"
    "memorysetup-job-temp-allocator-block-size-background=1048576"
    "memorysetup-job-temp-allocator-reduction-small-platforms=262144"
    "memorysetup-temp-allocator-size-background-worker=32768"
    "memorysetup-temp-allocator-size-job-worker=262144"
    "memorysetup-temp-allocator-size-preload-manager=33554432"
    "memorysetup-temp-allocator-size-nav-mesh-worker=65536"
    "memorysetup-temp-allocator-size-audio-worker=65536"
    "memorysetup-temp-allocator-size-cloud-worker=32768"
    "memorysetup-temp-allocator-size-gi-baking-worker=262144"
    "memorysetup-temp-allocator-size-gfx=262144"
Player connection [14892] Host "[IP] 192.168.1.160 [Port] 0 [Flags] 2 [Guid] 2254164011 [EditorId] 2254164011 [Version] 1048832 [Id] WindowsEditor(7,DESKTOP-8V0H5R7) [Debug] 1 [PackageName] WindowsEditor [ProjectName] Editor" joined multi-casting on [225.0.0.222:54997]...

Player connection [14892] Host "[IP] 192.168.1.160 [Port] 0 [Flags] 2 [Guid] 2254164011 [EditorId] 2254164011 [Version] 1048832 [Id] WindowsEditor(7,DESKTOP-8V0H5R7) [Debug] 1 [PackageName] WindowsEditor [ProjectName] Editor" joined alternative multi-casting on [225.0.0.222:34997]...

Refreshing native plugins compatible for Editor in 48.91 ms, found 3 plugins.
Preloading 0 native plugins for Editor in 0.00 ms.
Initialize engine version: 2021.3.24f1 (cf10dcf7010d)
[Subsystems] Discovering subsystems at path C:/Program Files/Unity/Hub/Editor/2021.3.24f1/Editor/Data/Resources/UnitySubsystems
[Subsystems] Discovering subsystems at path D:/Codes/Unity/SMUCT Permanent Campus 3D Model/Assets
GfxDevice: creating device client; threaded=0; jobified=0
Direct3D:
    Version:  Direct3D 11.0 [level 11.1]
    Renderer: Intel(R) UHD Graphics 730 (ID=0x4692)
    Vendor:   Intel
    VRAM:     3982 MB
    Driver:   31.0.101.4577
Initialize mono
Mono path[0] = 'C:/Program Files/Unity/Hub/Editor/2021.3.24f1/Editor/Data/Managed'
Mono path[1] = 'C:/Program Files/Unity/Hub/Editor/2021.3.24f1/Editor/Data/MonoBleedingEdge/lib/mono/unityjit-win32'
Mono config path = 'C:/Program Files/Unity/Hub/Editor/2021.3.24f1/Editor/Data/MonoBleedingEdge/etc'
Using monoOptions --debugger-agent=transport=dt_socket,embedding=1,server=y,suspend=n,address=127.0.0.1:56132
Begin MonoManager ReloadAssembly
Registering precompiled unity dll's ...
Register platform support module: C:/Program Files/Unity/Hub/Editor/2021.3.24f1/Editor/Data/PlaybackEngines/WindowsStandaloneSupport/UnityEditor.WindowsStandalone.Extensions.dll
Registered in 0.004268 seconds.
Native extension for WindowsStandalone target not found
Refreshing native plugins compatible for Editor in 43.82 ms, found 3 plugins.
Preloading 0 native plugins for Editor in 0.00 ms.
Mono: successfully reloaded assembly
- Completed reload, in  0.412 seconds
Domain Reload Profiling:
	ReloadAssembly (412ms)
		BeginReloadAssembly (61ms)
			ExecutionOrderSort (0ms)
			DisableScriptedObjects (0ms)
			BackupInstance (0ms)
			ReleaseScriptingObjects (0ms)
			CreateAndSetChildDomain (1ms)
		EndReloadAssembly (277ms)
			LoadAssemblies (59ms)
			RebuildTransferFunctionScriptingTraits (0ms)
			SetupTypeCache (66ms)
			ReleaseScriptCaches (0ms)
			RebuildScriptCaches (16ms)
			SetupLoadedEditorAssemblies (162ms)
				LogAssemblyErrors (0ms)
				InitializePlatformSupportModulesInManaged (5ms)
				SetLoadedEditorAssemblies (0ms)
				RefreshPlugins (44ms)
				BeforeProcessingInitializeOnLoad (1ms)
				ProcessInitializeOnLoadAttributes (82ms)
				ProcessInitializeOnLoadMethodAttributes (31ms)
				AfterProcessingInitializeOnLoad (0ms)
				EditorAssembliesLoaded (0ms)
			ExecutionOrderSort2 (0ms)
			AwakeInstancesAfterBackupRestoration (0ms)
Platform modules already initialized, skipping
Registering precompiled user dll's ...
Registered in 0.002459 seconds.
Begin MonoManager ReloadAssembly
Symbol file LoadedFromMemory doesn't match image D:\Codes\Unity\SMUCT Permanent Campus 3D Model\Library\PackageCache\com.unity.visualscripting@1.8.0\Editor\VisualScripting.Core\Dependencies\YamlDotNet\Unity.VisualScripting.YamlDotNet.dll
Symbol file LoadedFromMemory doesn't match image D:\Codes\Unity\SMUCT Permanent Campus 3D Model\Library\PackageCache\com.unity.visualscripting@1.8.0\Editor\VisualScripting.Core\Dependencies\DotNetZip\Unity.VisualScripting.IonicZip.dll
Native extension for WindowsStandalone target not found
Refreshing native plugins compatible for Editor in 0.34 ms, found 3 plugins.
Preloading 0 native plugins for Editor in 0.00 ms.
Mono: successfully reloaded assembly
- Completed reload, in  1.421 seconds
Domain Reload Profiling:
	ReloadAssembly (1421ms)
		BeginReloadAssembly (94ms)
			ExecutionOrderSort (0ms)
			DisableScriptedObjects (4ms)
			BackupInstance (0ms)
			ReleaseScriptingObjects (0ms)
			CreateAndSetChildDomain (12ms)
		EndReloadAssembly (1197ms)
			LoadAssemblies (775ms)
			RebuildTransferFunctionScriptingTraits (0ms)
			SetupTypeCache (157ms)
			ReleaseScriptCaches (0ms)
			RebuildScriptCaches (29ms)
			SetupLoadedEditorAssemblies (228ms)
				LogAssemblyErrors (0ms)
				InitializePlatformSupportModulesInManaged (3ms)
				SetLoadedEditorAssemblies (0ms)
				RefreshPlugins (0ms)
				BeforeProcessingInitializeOnLoad (58ms)
				ProcessInitializeOnLoadAttributes (147ms)
				ProcessInitializeOnLoadMethodAttributes (13ms)
				AfterProcessingInitializeOnLoad (6ms)
				EditorAssembliesLoaded (0ms)
			ExecutionOrderSort2 (0ms)
			AwakeInstancesAfterBackupRestoration (4ms)
Platform modules already initialized, skipping
========================================================================
Worker process is ready to serve import requests
Launched and connected shader compiler UnityShaderCompiler.exe after 0.03 seconds
Refreshing native plugins compatible for Editor in 0.66 ms, found 3 plugins.
Preloading 0 native plugins for Editor in 0.00 ms.
Unloading 3047 Unused Serialized files (Serialized files now loaded: 0)
Unloading 24 unused Assets / (113.5 KB). Loaded Objects now: 3508.
Memory consumption went from 107.9 MB to 107.8 MB.
Total: 2.546200 ms (FindLiveObjects: 0.170000 ms CreateObjectMapping: 0.183800 ms MarkObjects: 2.108100 ms  DeleteObjects: 0.083500 ms)

AssetImportParameters requested are different than current active one (requested -> active):
  custom:video-decoder-ogg-theora: a1e56fd34408186e4bbccfd4996cb3dc -> 
  custom:container-muxer-webm: aa71ff27fc2769a1b78a27578f13a17b -> 
  custom:container-demuxer-webm: 4f35f7cbe854078d1ac9338744f61a02 -> 
  custom:video-encoder-webm-vp8: eb34c28f22e8b96e1ab97ce403110664 -> 
  custom:audio-encoder-webm-vorbis: bf7c407c2cedff20999df2af8eb42d56 -> 
  custom:framework-win-MediaFoundation: 216162199b28c13a410421893ffa2e32 -> 
  custom:container-demuxer-ogg: 62fdf1f143b41e24485cea50d1cbac27 -> 
  custom:video-decoder-webm-vp8: 9c59270c3fd7afecdb556c50c9e8de78 -> 
  custom:audio-decoder-ogg-vorbis: bf7c407c2cedff20999df2af8eb42d56 -> 
========================================================================
Received Import Request.
  Time since last request: 1981081.306134 seconds.
  path: Assets/Prefabs/Car Gate Wheel.prefab
  artifactKey: Guid(b0133877a36aba44490bae3c2e779fdd) Importer(815301076,1909f56bfc062723c751e8b465ee728b)
Start importing Assets/Prefabs/Car Gate Wheel.prefab using Guid(b0133877a36aba44490bae3c2e779fdd) Importer(815301076,1909f56bfc062723c751e8b465ee728b)  -> (artifact id: '05041c5cd09f6b6d4a395e9117a04649') in 0.083978 seconds 
========================================================================
Received Import Request.
  Time since last request: 5443.309466 seconds.
  path: Assets/Downloaded/sink.obj
  artifactKey: Guid(60187ee86c728124c95f4c4f39b83ba3) Importer(815301076,1909f56bfc062723c751e8b465ee728b)
Start importing Assets/Downloaded/sink.obj using Guid(60187ee86c728124c95f4c4f39b83ba3) Importer(815301076,1909f56bfc062723c751e8b465ee728b)  -> (artifact id: 'fbf3920d5c602cb83013ffe6b21dfa52') in 0.623249 seconds 
========================================================================
Received Import Request.
  Time since last request: 1965.355898 seconds.
  path: Assets/Materials/Elevator.mat
  artifactKey: Guid(76647093efe1a484396083d611b4c39f) Importer(815301076,1909f56bfc062723c751e8b465ee728b)
Start importing Assets/Materials/Elevator.mat using Guid(76647093efe1a484396083d611b4c39f) Importer(815301076,1909f56bfc062723c751e8b465ee728b)  -> (artifact id: 'c102bd5141d941de5834e89df8339773') in 0.020196 seconds 
========================================================================
Received Import Request.
  Time since last request: 479.580429 seconds.
  path: Assets/Downloaded/sprayed-wall-texture1-unity/sprayed-wall-texture1-unity/sprayed-wall-texture1_ao.png
  artifactKey: Guid(08e712f1b96574f4fbdd1c843bbcb8fd) Importer(815301076,1909f56bfc062723c751e8b465ee728b)
Start importing Assets/Downloaded/sprayed-wall-texture1-unity/sprayed-wall-texture1-unity/sprayed-wall-texture1_ao.png using Guid(08e712f1b96574f4fbdd1c843bbcb8fd) Importer(815301076,1909f56bfc062723c751e8b465ee728b)  -> (artifact id: '8f41931b17d6da8cc214553332a1052f') in 0.206766 seconds 
========================================================================
Received Import Request.
  Time since last request: 0.000049 seconds.
  path: Assets/Downloaded/sprayed-wall-texture1-unity/sprayed-wall-texture1-unity/sprayed-wall-texture1_normal-ogl.png
  artifactKey: Guid(d7be7b000b57d8f4588a7a0963a5e0d9) Importer(815301076,1909f56bfc062723c751e8b465ee728b)
Start importing Assets/Downloaded/sprayed-wall-texture1-unity/sprayed-wall-texture1-unity/sprayed-wall-texture1_normal-ogl.png using Guid(d7be7b000b57d8f4588a7a0963a5e0d9) Importer(815301076,1909f56bfc062723c751e8b465ee728b)  -> (artifact id: '7d2212eeacefd5894bfab440ea494227') in 0.139992 seconds 
========================================================================
Received Import Request.
  Time since last request: 88.730473 seconds.
  path: Assets/Downloaded/sprayed-wall-texture1-unity/sprayed-wall-texture1-unity/Materials/sprayed-wall-texture1_ao.mat
  artifactKey: Guid(d4adce7b77d6d4c43b05953803cf6e50) Importer(815301076,1909f56bfc062723c751e8b465ee728b)
Start importing Assets/Downloaded/sprayed-wall-texture1-unity/sprayed-wall-texture1-unity/Materials/sprayed-wall-texture1_ao.mat using Guid(d4adce7b77d6d4c43b05953803cf6e50) Importer(815301076,1909f56bfc062723c751e8b465ee728b)  -> (artifact id: '0898d897ef7c3a8a2b52e376a601d001') in 0.024377 seconds 
========================================================================
Received Import Request.
  Time since last request: 0.000021 seconds.
  path: Assets/Downloaded/sprayed-wall-texture1-unity/sprayed-wall-texture1-unity/Materials/sprayed-wall-texture1_height.mat
  artifactKey: Guid(ed5c3ebc1f4559143ad01c46432274d0) Importer(815301076,1909f56bfc062723c751e8b465ee728b)
Start importing Assets/Downloaded/sprayed-wall-texture1-unity/sprayed-wall-texture1-unity/Materials/sprayed-wall-texture1_height.mat using Guid(ed5c3ebc1f4559143ad01c46432274d0) Importer(815301076,1909f56bfc062723c751e8b465ee728b)  -> (artifact id: '3ed46036dbee9eedc2d3c29d1058c0c8') in 0.013820 seconds 
========================================================================
Received Import Request.
  Time since last request: 0.000035 seconds.
  path: Assets/Downloaded/sprayed-wall-texture1-unity/sprayed-wall-texture1-unity/Materials/sprayed-wall-texture1_normal-ogl.mat
  artifactKey: Guid(c564b00f978489744be0c80aac68dd9f) Importer(815301076,1909f56bfc062723c751e8b465ee728b)
Start importing Assets/Downloaded/sprayed-wall-texture1-unity/sprayed-wall-texture1-unity/Materials/sprayed-wall-texture1_normal-ogl.mat using Guid(c564b00f978489744be0c80aac68dd9f) Importer(815301076,1909f56bfc062723c751e8b465ee728b)  -> (artifact id: '35b5ee9b348f4839a9fd154692fe0110') in 0.018100 seconds 
Editor requested this worker to shutdown with reason: Scaling down because of idle timeout
AssetImportWorker is now disconnected from the server
Process exiting
Exiting without the bug reporter. Application will terminate with return code 0